<?xml version="1.0" encoding="UTF-8"?>
<testsuite name="com.darrenai.jarvis.MemoryVaultTest" tests="4" skipped="0" failures="0" errors="0" timestamp="2026-09-05T18:26:14" hostname="XL442" time="0.135">
  <properties/>
  <testcase name="saveNote and search round-trip" classname="com.darrenai.jarvis.MemoryVaultTest" time="0.092"/>
  <testcase name="failing disk never throws" classname="com.darrenai.jarvis.MemoryVaultTest" time="0.029"/>
  <testcase name="first run seeds the index" classname="com.darrenai.jarvis.MemoryVaultTest" time="0.006"/>
  <testcase name="appendTurn writes daily note" classname="com.darrenai.jarvis.MemoryVaultTest" time="0.008"/>
  <system-out><![CDATA[]]></system-out>
  <system-err><![CDATA[]]></system-err>
</testsuite>
