<?xml version="1.0" encoding="UTF-8"?>
<testsuite name="com.darrenai.jarvis.StreamTest" tests="5" skipped="0" failures="0" errors="0" timestamp="2026-09-05T18:53:40" hostname="XL442" time="0.125">
  <properties/>
  <testcase name="splitSentences emits complete sentences only" classname="com.darrenai.jarvis.StreamTest" time="0.037"/>
  <testcase name="splitSentences holds short fragments" classname="com.darrenai.jarvis.StreamTest" time="0.001"/>
  <testcase name="recall finds relevant notes" classname="com.darrenai.jarvis.StreamTest" time="0.084"/>
  <testcase name="parseChunk extracts delta content" classname="com.darrenai.jarvis.StreamTest" time="0.0"/>
  <testcase name="parseChunk ignores reasoning and control lines" classname="com.darrenai.jarvis.StreamTest" time="0.0"/>
  <system-out><![CDATA[]]></system-out>
  <system-err><![CDATA[]]></system-err>
</testsuite>
