<?xml version="1.0" encoding="UTF-8"?>
<testsuite name="com.darrenai.jarvis.OmniClientTest" tests="4" skipped="0" failures="0" errors="0" timestamp="2026-09-05T18:26:14" hostname="XL442" time="0.012">
  <properties/>
  <testcase name="parseContent returns null on malformed body" classname="com.darrenai.jarvis.OmniClientTest" time="0.009"/>
  <testcase name="buildBody uses lowercase roles" classname="com.darrenai.jarvis.OmniClientTest" time="0.001"/>
  <testcase name="parseContent extracts assistant text" classname="com.darrenai.jarvis.OmniClientTest" time="0.0"/>
  <testcase name="escapeJson escapes quotes and newlines" classname="com.darrenai.jarvis.OmniClientTest" time="0.001"/>
  <system-out><![CDATA[]]></system-out>
  <system-err><![CDATA[]]></system-err>
</testsuite>
