<?xml version="1.0" encoding="UTF-8"?>
<testsuite name="com.darrenai.jarvis.MemoryVaultTest" tests="4" skipped="0" failures="0" errors="0" timestamp="2026-09-05T18:53:40" hostname="XL442" time="0.458">
  <properties/>
  <testcase name="saveNote and search round-trip" classname="com.darrenai.jarvis.MemoryVaultTest" time="0.288"/>
  <testcase name="failing disk never throws" classname="com.darrenai.jarvis.MemoryVaultTest" time="0.117"/>
  <testcase name="first run seeds the index" classname="com.darrenai.jarvis.MemoryVaultTest" time="0.024"/>
  <testcase name="appendTurn writes daily note" classname="com.darrenai.jarvis.MemoryVaultTest" time="0.022"/>
  <system-out><![CDATA[]]></system-out>
  <system-err><![CDATA[]]></system-err>
</testsuite>
